test map_list
ADD 40 1000
ADD 30 1000
ADD 10 1000
ADD 20 1000
None
<Silk: [1010, 1020, 1030, 1040] >
ADD 1 1000
ADD 80 1000
ADD 12 1000
<Silk: [1010, 1020, 1030, 1040, 1080, 1012, 1001, 1001, 1010, 1020, 1030, 1040] >
test map_list uniform
ADD 210 -1000
ADD 220 -1000
ADD 230 -1000
ADD 240 -1000
None
<Silk: [-790, -780, -770, -760] >
ADD 220 1000
ADD 230 1000
ADD 240 1000
ADD 210 1000
<Silk: [1210, 1220, 1230, 1240] >
test map_list_N
ADD 30 8
ADD 40 12
ADD 10 2
ADD 20 4
<Silk: [12, 24, 38, 52] >
ADD 1 3
ADD 80 100
ADD 12 16
<Silk: [12, 24, 38, 52, 180, 28, 4, 4, 12, 24, 38, 52] >
ADD2 10 2
ADD2 20 4
ADD2 30 8
ADD2 40 12
ADD2 80 100
ADD2 12 16
ADD2 1 3
<Silk: [13, 25, 39, 53, 181, 29, 5, 5, 13, 25, 39, 53] >
test map_list_N uniform
ADD 110 2 7000
ADD 120 4 7000
ADD 130 8 7000
ADD 140 12 7000
<Silk: [7112, 7124, 7138, 7152] >
ADD 130 8 8000
ADD 140 12 8000
ADD 110 2 8000
ADD 120 4 8000
<Silk: [8112, 8124, 8138, 8152] >
test map_dict
Status: OK
None
<Silk: {'key1': 1010, 'key2': 1220, 'key3': 1030, 'key4': 1040} >
<Silk: {'key1': 1010, 'key2': 1220, 'key3': 1030, 'key4': 1040} >
ADD 999 1000
ADD -1 1000
<Silk: {'a': 1080, 'b': 1030, 'c': 1999, 'd': 999, 'key1': 1010, 'key2': 1220, 'key3': 1030, 'key4': 1040} >
['key1', 'key2', 'key3', 'key4', 'a', 'b', 'c', 'd']
test map_dict uniform
Status: OK
None
<Silk: {'key1': 1010, 'key2': 1220, 'key3': 1030, 'key4': 1040} >
ADD 220 6000
ADD 30 6000
ADD 40 6000
ADD 10 6000
<Silk: {'key1': 6010, 'key2': 6220, 'key3': 6030, 'key4': 6040} >
test map_dict_chunk, without elision, deepcell merge method
MUL {'key01': 10, 'key02': 220, 'key03': 30}
MUL {'key04': 40, 'key05': 250, 'key06': 60}
MUL {'key07': 70, 'key08': 280, 'key09': 90}
MUL {'key10': 100, 'key11': 2110, 'key12': 120}
Status: OK
<Silk: {'key01': 30, 'key02': 660, 'key03': 90, 'key04': 120, 'key05': 750, 'key06': 180, 'key07': 210, 'key08': 840, 'key09': 270, 'key10': 300, 'key11': 6330, 'key12': 360} >
<Silk: {'key01': 30, 'key02': 660, 'key03': 90, 'key04': 120, 'key05': 750, 'key06': 180, 'key07': 210, 'key08': 840, 'key09': 270, 'key10': 300, 'key11': 6330, 'key12': 360} >
MUL {'a': 80, 'b': 30, 'c': 999}
MUL {'d': -1}
<Silk: {'a': 240, 'b': 90, 'c': 2997, 'd': -3, 'key01': 30, 'key02': 660, 'key03': 90, 'key04': 120, 'key05': 750, 'key06': 180, 'key07': 210, 'key08': 840, 'key09': 270, 'key10': 300, 'key11': 6330, 'key12': 360} >
['key01', 'key02', 'key03', 'key04', 'key05', 'key06', 'key07', 'key08', 'key09', 'key10', 'key11', 'key12', 'a', 'b', 'c', 'd']
test map_dict_chunk, with elision, deepcell merge method
MUL {'key01': 10, 'key02': 220, 'key03': 30}
MUL {'key04': 40, 'key05': 250, 'key06': 60}
MUL {'key07': 70, 'key08': 280, 'key09': 90}
MUL {'key10': 100, 'key11': 2110, 'key12': 120}
Status: OK
<Silk: {'key01': 40, 'key02': 880, 'key03': 120, 'key04': 160, 'key05': 1000, 'key06': 240, 'key07': 280, 'key08': 1120, 'key09': 360, 'key10': 400, 'key11': 8440, 'key12': 480} >
<Silk: {'key01': 40, 'key02': 880, 'key03': 120, 'key04': 160, 'key05': 1000, 'key06': 240, 'key07': 280, 'key08': 1120, 'key09': 360, 'key10': 400, 'key11': 8440, 'key12': 480} >
MUL {'a': 80, 'b': 30, 'c': 999}
MUL {'d': -1}
<Silk: {'a': 320, 'b': 120, 'c': 3996, 'd': -4, 'key01': 40, 'key02': 880, 'key03': 120, 'key04': 160, 'key05': 1000, 'key06': 240, 'key07': 280, 'key08': 1120, 'key09': 360, 'key10': 400, 'key11': 8440, 'key12': 480} >
['key01', 'key02', 'key03', 'key04', 'key05', 'key06', 'key07', 'key08', 'key09', 'key10', 'key11', 'key12', 'a', 'b', 'c', 'd']
test map_dict_chunk, without elision, dict merge method
Status: OK
<Silk: {'key01': 30, 'key02': 660, 'key03': 90, 'key04': 120, 'key05': 750, 'key06': 180, 'key07': 210, 'key08': 840, 'key09': 270, 'key10': 300, 'key11': 6330, 'key12': 360} >
<Silk: {'key01': 30, 'key02': 660, 'key03': 90, 'key04': 120, 'key05': 750, 'key06': 180, 'key07': 210, 'key08': 840, 'key09': 270, 'key10': 300, 'key11': 6330, 'key12': 360} >
<Silk: {'a': 240, 'b': 90, 'c': 2997, 'd': -3, 'key01': 30, 'key02': 660, 'key03': 90, 'key04': 120, 'key05': 750, 'key06': 180, 'key07': 210, 'key08': 840, 'key09': 270, 'key10': 300, 'key11': 6330, 'key12': 360} >
['key01', 'key02', 'key03', 'key04', 'key05', 'key06', 'key07', 'key08', 'key09', 'key10', 'key11', 'key12', 'a', 'b', 'c', 'd']
test map_dict_chunk, with elision, dict merge method
Status: OK
<Silk: {'key01': 40, 'key02': 880, 'key03': 120, 'key04': 160, 'key05': 1000, 'key06': 240, 'key07': 280, 'key08': 1120, 'key09': 360, 'key10': 400, 'key11': 8440, 'key12': 480} >
<Silk: {'key01': 40, 'key02': 880, 'key03': 120, 'key04': 160, 'key05': 1000, 'key06': 240, 'key07': 280, 'key08': 1120, 'key09': 360, 'key10': 400, 'key11': 8440, 'key12': 480} >
TaskManager, tasks: 1 undestroyed
******************************
Task: StructuredCellJoinTask 926
Depends on: Seamless structured cell: .inp
******************************

Traceback (most recent call last):
  File "build.py", line 80, in <module>
    ctx = test(mylib)
  File "/cwd/seamless/highlevel/stdlib/map/testing.py", line 24, in test
    ctx = test_map_dict_chunk(mylib, elision=True, merge_method="dict")
  File "/cwd/seamless/highlevel/stdlib/map/testing.py", line 361, in test_map_dict_chunk
    ctx.compute()
  File "/seamless/seamless/highlevel/Context.py", line 476, in compute
    self.translate()
  File "/seamless/seamless/highlevel/Context.py", line 534, in translate
    return self._do_translate(force=force)
  File "/seamless/seamless/highlevel/Context.py", line 103, in func2
    func(*args, **kwargs)
  File "/seamless/seamless/highlevel/Context.py", line 917, in _do_translate
    return self._do_translate2(graph0, force=force)
  File "/seamless/seamless/highlevel/Context.py", line 1027, in _do_translate2
    raise Exception(
Exception: Cannot re-translate, since clean-up of old context was incomplete
TaskManager, tasks: 1 undestroyed
******************************
Task: StructuredCellJoinTask 926
Depends on: Seamless structured cell: .inp
******************************

