Requirement already satisfied: biopython in /opt/conda/lib/python3.8/site-packages (1.79)
Requirement already satisfied: numpy in /opt/conda/lib/python3.8/site-packages (from biopython) (1.21.6)
Waiting for: Seamless transformer: .load_pdb1.tf Seamless transformer: .load_pdb2.tf
*************************************************
* Result
*************************************************
<binary buffer of length 320, checksum fe4621ada9594853b8c9c13e6fd0b63681df0e8b209079f57b2b74a220f58a94>
*************************************************
Execution time: 0.1 seconds
*************************************************
*************************************************
* Result
*************************************************
<binary buffer of length 488, checksum 32a00701fd118918d48c69e37599a11a7ac8cf4e813e4dab10276367e844b3ce>
*************************************************
Execution time: 0.1 seconds
*************************************************
<Silk: [[26.3220005  54.8409996  13.68799973]
 [28.35499954 57.76399994 15.05799961]
 [26.33300018 57.77600098 18.23900032]
 [25.08600044 54.26399994 18.40200043]] >
<Silk: [[10.22099972 53.05599976 17.74900055]
 [10.58399963 55.20399857 14.63700008]
 [12.63899994 58.48400116 14.32499981]
 [10.53299999 61.81999969 14.44999981]] >
('bcloopsearch', '_main_module', 'lib', 'code'): cannot detect language, default to c.
{'properties': {'atoms1': {'form': {'contiguous': True, 'ndim': 2, 'shape': [-1, 3]}, 'items': {'form': {'bytesize': 8, 'type': 'number'}}, 'storage': 'binary', 'type': 'array'}, 'atoms2': {'form': {'contiguous': True, 'ndim': 2, 'shape': [-1, 3]}, 'items': {'form': {'bytesize': 8, 'type': 'number'}}, 'storage': 'binary', 'type': 'array'}, 'dbca': {'form': {'contiguous': True, 'ndim': 2, 'shape': [-1, 3]}, 'items': {'form': {'bytesize': 8, 'type': 'number'}}, 'storage': 'binary', 'type': 'array'}, 'looplength': {'type': 'integer'}, 'maxR': {'type': 'integer'}, 'maxloopgap': {'type': 'integer'}, 'minBC': {'type': 'number'}, 'minloopmatch': {'type': 'integer'}, 'mirror': {'type': 'boolean'}, 'pdb_index': {'form': {'contiguous': True, 'ndim': 2, 'shape': [-1, 2]}, 'items': {'form': {'bytesize': 4, 'type': 'integer', 'unsigned': True}}, 'storage': 'binary', 'type': 'array'}, 'seg_index': {'form': {'contiguous': True, 'ndim': 2, 'shape': [-1, 3]}, 'items': {'form': {'bytesize': 4, 'type': 'integer', 'unsigned': True}}, 'storage': 'binary', 'type': 'array'}}, 'type': 'object'}

{'properties': {'hits': {'form': {'contiguous': True, 'ndim': 2, 'shape': [100000, 3]}, 'items': {'form': {'bytesize': 4, 'type': 'integer', 'unsigned': True}}, 'storage': 'binary', 'type': 'array'}, 'hitstats': {'form': {'contiguous': True, 'ndim': 2, 'shape': [100000, 2]}, 'items': {'form': {'bytesize': 4, 'type': 'number'}}, 'storage': 'binary', 'type': 'array'}, 'nhits': {'type': 'integer'}}, 'type': 'object'}

Status: OK
None
<Silk: 1 >
<Silk: 4 >
Warning: File path 'load_db_index.py' has a different value, overwriting cell
<Silk: 17 >
['d1zipa2' 'd2akya2' 'd1dvra2' 'd1e4ya2' 'd1e4yb2' 'd1e4va2' 'd1e4vb2'
 'd3hpqa2' 'd3hpqb2' 'd1akea2' 'd1akeb2' 'd1anka2' 'd4akea2' 'd4akeb2'
 'd2ecka2' 'd2eckb2' 'd2ar7a2']
[25029 25033 25035 25041 25042 25043 25044 25045 25046 25047 25048 25049
 25051 25052 25053 25054 25057]
[5 5 5 5 5 5 5 5 5 5 5 5 5 5 5 5 4]
[[0.99150455 0.9326091 ]
 [0.9926247  0.07179447]
 [0.9944583  0.20403697]
 [0.9960647  0.5190825 ]
 [0.9971652  0.68993837]
 [0.99814665 0.08378951]
 [0.99811184 0.2650473 ]
 [0.9989707  0.11703701]
 [0.99860483 0.18700984]
 [1.         0.        ]
 [0.9981703  0.41412714]
 [0.9970384  0.18814881]
 [0.99861157 0.297172  ]
 [0.9949829  0.402861  ]
 [0.99926007 0.08981241]
 [0.9987744  0.02204398]
 [0.99002814 0.2134962 ]]
